0 info it worked if it ends with ok
1 verbose cli [ '/usr/local/bin/node',
1 verbose cli   '/usr/local/bin/npm',
1 verbose cli   'install',
1 verbose cli   'mockjs',
1 verbose cli   '-g' ]
2 info using npm@3.10.8
3 info using node@v6.9.1
4 silly loadCurrentTree Starting
5 silly install loadCurrentTree
6 silly install readGlobalPackageData
7 silly fetchPackageMetaData mockjs
8 silly fetchNamedPackageData mockjs
9 silly mapToRegistry name mockjs
10 silly mapToRegistry using default registry
11 silly mapToRegistry registry https://registry.npmjs.org/
12 silly mapToRegistry data Result {
12 silly mapToRegistry   raw: 'mockjs',
12 silly mapToRegistry   scope: null,
12 silly mapToRegistry   escapedName: 'mockjs',
12 silly mapToRegistry   name: 'mockjs',
12 silly mapToRegistry   rawSpec: '',
12 silly mapToRegistry   spec: 'latest',
12 silly mapToRegistry   type: 'tag' }
13 silly mapToRegistry uri https://registry.npmjs.org/mockjs
14 verbose request uri https://registry.npmjs.org/mockjs
15 verbose request no auth needed
16 info attempt registry request try #1 at 4:46:17 AM
17 verbose request id 6c716ee875b410fb
18 http request GET https://registry.npmjs.org/mockjs
19 http 200 https://registry.npmjs.org/mockjs
20 verbose headers { server: 'nginx/1.4.6 (Ubuntu)',
20 verbose headers   'content-type': 'application/json',
20 verbose headers   'last-modified': 'Wed, 29 Mar 2017 04:40:01 GMT',
20 verbose headers   'content-encoding': 'gzip',
20 verbose headers   'cache-control': 'max-age=300',
20 verbose headers   'content-length': '3052',
20 verbose headers   'accept-ranges': 'bytes',
20 verbose headers   date: 'Fri, 14 Apr 2017 20:46:18 GMT',
20 verbose headers   via: '1.1 varnish',
20 verbose headers   age: '0',
20 verbose headers   connection: 'keep-alive',
20 verbose headers   'x-served-by': 'cache-nrt6128-NRT',
20 verbose headers   'x-cache': 'MISS',
20 verbose headers   'x-cache-hits': '0',
20 verbose headers   'x-timer': 'S1492202779.532272,VS0,VE111',
20 verbose headers   vary: 'Accept-Encoding' }
21 silly get cb [ 200,
21 silly get   { server: 'nginx/1.4.6 (Ubuntu)',
21 silly get     'content-type': 'application/json',
21 silly get     'last-modified': 'Wed, 29 Mar 2017 04:40:01 GMT',
21 silly get     'content-encoding': 'gzip',
21 silly get     'cache-control': 'max-age=300',
21 silly get     'content-length': '3052',
21 silly get     'accept-ranges': 'bytes',
21 silly get     date: 'Fri, 14 Apr 2017 20:46:18 GMT',
21 silly get     via: '1.1 varnish',
21 silly get     age: '0',
21 silly get     connection: 'keep-alive',
21 silly get     'x-served-by': 'cache-nrt6128-NRT',
21 silly get     'x-cache': 'MISS',
21 silly get     'x-cache-hits': '0',
21 silly get     'x-timer': 'S1492202779.532272,VS0,VE111',
21 silly get     vary: 'Accept-Encoding' } ]
22 verbose get saving mockjs to /home/zhaomeng/.npm/registry.npmjs.org/mockjs/.cache.json
23 verbose correctMkdir /home/zhaomeng/.npm correctMkdir not in flight; initializing
24 silly install normalizeTree
25 silly loadCurrentTree Finishing
26 silly loadIdealTree Starting
27 silly install loadIdealTree
28 silly cloneCurrentTree Starting
29 silly install cloneCurrentTreeToIdealTree
30 silly cloneCurrentTree Finishing
31 silly loadShrinkwrap Starting
32 silly install loadShrinkwrap
33 silly loadShrinkwrap Finishing
34 silly loadAllDepsIntoIdealTree Starting
35 silly install loadAllDepsIntoIdealTree
36 silly resolveWithNewModule mockjs@1.0.1-beta3 checking installable status
37 silly cache add args [ 'mockjs', null ]
38 verbose cache add spec mockjs
39 silly cache add parsed spec Result {
39 silly cache add   raw: 'mockjs',
39 silly cache add   scope: null,
39 silly cache add   escapedName: 'mockjs',
39 silly cache add   name: 'mockjs',
39 silly cache add   rawSpec: '',
39 silly cache add   spec: 'latest',
39 silly cache add   type: 'tag' }
40 silly addNamed mockjs@latest
41 verbose addNamed "latest" is being treated as a dist-tag for mockjs
42 info addNameTag [ 'mockjs', 'latest' ]
43 silly mapToRegistry name mockjs
44 silly mapToRegistry using default registry
45 silly mapToRegistry registry https://registry.npmjs.org/
46 silly mapToRegistry data Result {
46 silly mapToRegistry   raw: 'mockjs',
46 silly mapToRegistry   scope: null,
46 silly mapToRegistry   escapedName: 'mockjs',
46 silly mapToRegistry   name: 'mockjs',
46 silly mapToRegistry   rawSpec: '',
46 silly mapToRegistry   spec: 'latest',
46 silly mapToRegistry   type: 'tag' }
47 silly mapToRegistry uri https://registry.npmjs.org/mockjs
48 verbose addNameTag registry:https://registry.npmjs.org/mockjs not in flight; fetching
49 verbose get https://registry.npmjs.org/mockjs not expired, no request
50 silly addNameTag next cb for mockjs with tag latest
51 silly addNamed mockjs@1.0.1-beta3
52 verbose addNamed "1.0.1-beta3" is a plain semver version for mockjs
53 silly mapToRegistry name mockjs
54 silly mapToRegistry using default registry
55 silly mapToRegistry registry https://registry.npmjs.org/
56 silly mapToRegistry data Result {
56 silly mapToRegistry   raw: 'mockjs',
56 silly mapToRegistry   scope: null,
56 silly mapToRegistry   escapedName: 'mockjs',
56 silly mapToRegistry   name: 'mockjs',
56 silly mapToRegistry   rawSpec: '',
56 silly mapToRegistry   spec: 'latest',
56 silly mapToRegistry   type: 'tag' }
57 silly mapToRegistry uri https://registry.npmjs.org/mockjs
58 verbose addRemoteTarball https://registry.npmjs.org/mockjs/-/mockjs-1.0.1-beta3.tgz not in flight; adding
59 verbose addRemoteTarball [ 'https://registry.npmjs.org/mockjs/-/mockjs-1.0.1-beta3.tgz',
59 verbose addRemoteTarball   'd234f3c27256397564f2c955142e891909537209' ]
60 info retry fetch attempt 1 at 4:46:18 AM
61 info attempt registry request try #1 at 4:46:18 AM
62 http fetch GET https://registry.npmjs.org/mockjs/-/mockjs-1.0.1-beta3.tgz
63 http fetch 200 https://registry.npmjs.org/mockjs/-/mockjs-1.0.1-beta3.tgz
64 silly fetchAndShaCheck shasum d234f3c27256397564f2c955142e891909537209
65 verbose addTmpTarball /tmp/npm-2234-b05bbeec/registry.npmjs.org/mockjs/-/mockjs-1.0.1-beta3.tgz not in flight; adding
66 verbose addTmpTarball already have metadata; skipping unpack for mockjs@1.0.1-beta3
67 verbose correctMkdir /home/zhaomeng/.npm correctMkdir not in flight; initializing
68 silly cache afterAdd mockjs@1.0.1-beta3
69 verbose afterAdd /home/zhaomeng/.npm/mockjs/1.0.1-beta3/package/package.json not in flight; writing
70 verbose correctMkdir /home/zhaomeng/.npm correctMkdir not in flight; initializing
71 verbose afterAdd /home/zhaomeng/.npm/mockjs/1.0.1-beta3/package/package.json written
72 silly fetchNamedPackageData commander
73 silly mapToRegistry name commander
74 silly mapToRegistry using default registry
75 silly mapToRegistry registry https://registry.npmjs.org/
76 silly mapToRegistry data Result {
76 silly mapToRegistry   raw: 'commander',
76 silly mapToRegistry   scope: null,
76 silly mapToRegistry   escapedName: 'commander',
76 silly mapToRegistry   name: 'commander',
76 silly mapToRegistry   rawSpec: '',
76 silly mapToRegistry   spec: 'latest',
76 silly mapToRegistry   type: 'tag' }
77 silly mapToRegistry uri https://registry.npmjs.org/commander
78 verbose request uri https://registry.npmjs.org/commander
79 verbose request no auth needed
80 info attempt registry request try #1 at 4:46:20 AM
81 verbose etag W/"58ee5262-10228"
82 verbose lastModified Wed, 12 Apr 2017 16:14:26 GMT
83 http request GET https://registry.npmjs.org/commander
84 http 200 https://registry.npmjs.org/commander
85 verbose headers { server: 'nginx/1.10.1',
85 verbose headers   'content-type': 'application/json',
85 verbose headers   'last-modified': 'Fri, 14 Apr 2017 03:49:09 GMT',
85 verbose headers   etag: 'W/"58f046b5-10236"',
85 verbose headers   'content-encoding': 'gzip',
85 verbose headers   'cache-control': 'max-age=300',
85 verbose headers   'content-length': '12900',
85 verbose headers   'accept-ranges': 'bytes',
85 verbose headers   date: 'Fri, 14 Apr 2017 20:46:20 GMT',
85 verbose headers   via: '1.1 varnish',
85 verbose headers   age: '7',
85 verbose headers   connection: 'keep-alive',
85 verbose headers   'x-served-by': 'cache-nrt6128-NRT',
85 verbose headers   'x-cache': 'HIT',
85 verbose headers   'x-cache-hits': '1',
85 verbose headers   'x-timer': 'S1492202780.164324,VS0,VE0',
85 verbose headers   vary: 'Accept-Encoding' }
86 silly get cb [ 200,
86 silly get   { server: 'nginx/1.10.1',
86 silly get     'content-type': 'application/json',
86 silly get     'last-modified': 'Fri, 14 Apr 2017 03:49:09 GMT',
86 silly get     etag: 'W/"58f046b5-10236"',
86 silly get     'content-encoding': 'gzip',
86 silly get     'cache-control': 'max-age=300',
86 silly get     'content-length': '12900',
86 silly get     'accept-ranges': 'bytes',
86 silly get     date: 'Fri, 14 Apr 2017 20:46:20 GMT',
86 silly get     via: '1.1 varnish',
86 silly get     age: '7',
86 silly get     connection: 'keep-alive',
86 silly get     'x-served-by': 'cache-nrt6128-NRT',
86 silly get     'x-cache': 'HIT',
86 silly get     'x-cache-hits': '1',
86 silly get     'x-timer': 'S1492202780.164324,VS0,VE0',
86 silly get     vary: 'Accept-Encoding' } ]
87 verbose get saving commander to /home/zhaomeng/.npm/registry.npmjs.org/commander/.cache.json
88 verbose correctMkdir /home/zhaomeng/.npm correctMkdir not in flight; initializing
89 silly resolveWithNewModule commander@2.9.0 checking installable status
90 silly cache add args [ 'commander@*', null ]
91 verbose cache add spec commander@*
92 silly cache add parsed spec Result {
92 silly cache add   raw: 'commander@*',
92 silly cache add   scope: null,
92 silly cache add   escapedName: 'commander',
92 silly cache add   name: 'commander',
92 silly cache add   rawSpec: '*',
92 silly cache add   spec: '*',
92 silly cache add   type: 'range' }
93 silly addNamed commander@*
94 verbose addNamed "*" is a valid semver range for commander
95 silly addNameRange { name: 'commander', range: '*', hasData: false }
96 silly mapToRegistry name commander
97 silly mapToRegistry using default registry
98 silly mapToRegistry registry https://registry.npmjs.org/
99 silly mapToRegistry data Result {
99 silly mapToRegistry   raw: 'commander',
99 silly mapToRegistry   scope: null,
99 silly mapToRegistry   escapedName: 'commander',
99 silly mapToRegistry   name: 'commander',
99 silly mapToRegistry   rawSpec: '',
99 silly mapToRegistry   spec: 'latest',
99 silly mapToRegistry   type: 'tag' }
100 silly mapToRegistry uri https://registry.npmjs.org/commander
101 verbose addNameRange registry:https://registry.npmjs.org/commander not in flight; fetching
102 verbose get https://registry.npmjs.org/commander not expired, no request
103 silly addNameRange number 2 { name: 'commander', range: '*', hasData: true }
104 silly addNameRange versions [ 'commander',
104 silly addNameRange   [ '0.0.1',
104 silly addNameRange     '0.0.3',
104 silly addNameRange     '0.0.4',
104 silly addNameRange     '0.0.5',
104 silly addNameRange     '0.1.0',
104 silly addNameRange     '0.2.0',
104 silly addNameRange     '0.2.1',
104 silly addNameRange     '0.3.0',
104 silly addNameRange     '0.3.1',
104 silly addNameRange     '0.3.2',
104 silly addNameRange     '0.3.3',
104 silly addNameRange     '0.4.0',
104 silly addNameRange     '0.4.1',
104 silly addNameRange     '0.4.2',
104 silly addNameRange     '0.4.3',
104 silly addNameRange     '0.5.0',
104 silly addNameRange     '0.5.1',
104 silly addNameRange     '0.6.0',
104 silly addNameRange     '0.6.1',
104 silly addNameRange     '0.5.2',
104 silly addNameRange     '1.0.0',
104 silly addNameRange     '1.0.1',
104 silly addNameRange     '1.0.2',
104 silly addNameRange     '1.0.3',
104 silly addNameRange     '1.0.4',
104 silly addNameRange     '1.0.5',
104 silly addNameRange     '1.1.0',
104 silly addNameRange     '1.1.1',
104 silly addNameRange     '1.2.0',
104 silly addNameRange     '1.3.0',
104 silly addNameRange     '1.3.1',
104 silly addNameRange     '1.3.2',
104 silly addNameRange     '2.0.0',
104 silly addNameRange     '2.1.0',
104 silly addNameRange     '2.2.0',
104 silly addNameRange     '2.3.0',
104 silly addNameRange     '2.4.0',
104 silly addNameRange     '2.5.0',
104 silly addNameRange     '2.5.1',
104 silly addNameRange     '2.6.0',
104 silly addNameRange     '2.7.0',
104 silly addNameRange     '2.7.1',
104 silly addNameRange     '2.8.0',
104 silly addNameRange     '2.8.1',
104 silly addNameRange     '2.9.0' ] ]
105 silly addNamed commander@2.9.0
106 verbose addNamed "2.9.0" is a plain semver version for commander
107 silly mapToRegistry name commander
108 silly mapToRegistry using default registry
109 silly mapToRegistry registry https://registry.npmjs.org/
110 silly mapToRegistry data Result {
110 silly mapToRegistry   raw: 'commander',
110 silly mapToRegistry   scope: null,
110 silly mapToRegistry   escapedName: 'commander',
110 silly mapToRegistry   name: 'commander',
110 silly mapToRegistry   rawSpec: '',
110 silly mapToRegistry   spec: 'latest',
110 silly mapToRegistry   type: 'tag' }
111 silly mapToRegistry uri https://registry.npmjs.org/commander
112 verbose addRemoteTarball https://registry.npmjs.org/commander/-/commander-2.9.0.tgz not in flight; adding
113 verbose addRemoteTarball [ 'https://registry.npmjs.org/commander/-/commander-2.9.0.tgz',
113 verbose addRemoteTarball   '9c99094176e12240cb22d6c5146098400fe0f7d4' ]
114 info retry fetch attempt 1 at 4:46:20 AM
115 info attempt registry request try #1 at 4:46:20 AM
116 http fetch GET https://registry.npmjs.org/commander/-/commander-2.9.0.tgz
117 http fetch 200 https://registry.npmjs.org/commander/-/commander-2.9.0.tgz
118 silly fetchAndShaCheck shasum 9c99094176e12240cb22d6c5146098400fe0f7d4
119 verbose addTmpTarball /tmp/npm-2234-b05bbeec/registry.npmjs.org/commander/-/commander-2.9.0.tgz not in flight; adding
120 verbose addTmpTarball already have metadata; skipping unpack for commander@2.9.0
121 verbose correctMkdir /home/zhaomeng/.npm correctMkdir not in flight; initializing
122 silly cache afterAdd commander@2.9.0
123 verbose afterAdd /home/zhaomeng/.npm/commander/2.9.0/package/package.json not in flight; writing
124 verbose correctMkdir /home/zhaomeng/.npm correctMkdir not in flight; initializing
125 verbose afterAdd /home/zhaomeng/.npm/commander/2.9.0/package/package.json written
126 silly fetchNamedPackageData graceful-readlink
127 silly mapToRegistry name graceful-readlink
128 silly mapToRegistry using default registry
129 silly mapToRegistry registry https://registry.npmjs.org/
130 silly mapToRegistry data Result {
130 silly mapToRegistry   raw: 'graceful-readlink',
130 silly mapToRegistry   scope: null,
130 silly mapToRegistry   escapedName: 'graceful-readlink',
130 silly mapToRegistry   name: 'graceful-readlink',
130 silly mapToRegistry   rawSpec: '',
130 silly mapToRegistry   spec: 'latest',
130 silly mapToRegistry   type: 'tag' }
131 silly mapToRegistry uri https://registry.npmjs.org/graceful-readlink
132 verbose request uri https://registry.npmjs.org/graceful-readlink
133 verbose request no auth needed
134 info attempt registry request try #1 at 4:46:20 AM
135 http request GET https://registry.npmjs.org/graceful-readlink
136 http 200 https://registry.npmjs.org/graceful-readlink
137 verbose headers { server: 'nginx/1.4.6 (Ubuntu)',
137 verbose headers   'content-type': 'application/json',
137 verbose headers   'last-modified': 'Sat, 24 Dec 2016 22:39:10 GMT',
137 verbose headers   'content-encoding': 'gzip',
137 verbose headers   'cache-control': 'max-age=300',
137 verbose headers   'content-length': '983',
137 verbose headers   'accept-ranges': 'bytes',
137 verbose headers   date: 'Fri, 14 Apr 2017 20:46:20 GMT',
137 verbose headers   via: '1.1 varnish',
137 verbose headers   age: '293',
137 verbose headers   connection: 'keep-alive',
137 verbose headers   'x-served-by': 'cache-nrt6128-NRT',
137 verbose headers   'x-cache': 'HIT',
137 verbose headers   'x-cache-hits': '1',
137 verbose headers   'x-timer': 'S1492202781.588613,VS0,VE0',
137 verbose headers   vary: 'Accept-Encoding' }
138 silly get cb [ 200,
138 silly get   { server: 'nginx/1.4.6 (Ubuntu)',
138 silly get     'content-type': 'application/json',
138 silly get     'last-modified': 'Sat, 24 Dec 2016 22:39:10 GMT',
138 silly get     'content-encoding': 'gzip',
138 silly get     'cache-control': 'max-age=300',
138 silly get     'content-length': '983',
138 silly get     'accept-ranges': 'bytes',
138 silly get     date: 'Fri, 14 Apr 2017 20:46:20 GMT',
138 silly get     via: '1.1 varnish',
138 silly get     age: '293',
138 silly get     connection: 'keep-alive',
138 silly get     'x-served-by': 'cache-nrt6128-NRT',
138 silly get     'x-cache': 'HIT',
138 silly get     'x-cache-hits': '1',
138 silly get     'x-timer': 'S1492202781.588613,VS0,VE0',
138 silly get     vary: 'Accept-Encoding' } ]
139 verbose get saving graceful-readlink to /home/zhaomeng/.npm/registry.npmjs.org/graceful-readlink/.cache.json
140 verbose correctMkdir /home/zhaomeng/.npm correctMkdir not in flight; initializing
141 silly resolveWithNewModule graceful-readlink@1.0.1 checking installable status
142 silly cache add args [ 'graceful-readlink@>= 1.0.0', null ]
143 verbose cache add spec graceful-readlink@>= 1.0.0
144 silly cache add parsed spec Result {
144 silly cache add   raw: 'graceful-readlink@>= 1.0.0',
144 silly cache add   scope: null,
144 silly cache add   escapedName: 'graceful-readlink',
144 silly cache add   name: 'graceful-readlink',
144 silly cache add   rawSpec: '>= 1.0.0',
144 silly cache add   spec: '>=1.0.0',
144 silly cache add   type: 'range' }
145 silly addNamed graceful-readlink@>=1.0.0
146 verbose addNamed ">=1.0.0" is a valid semver range for graceful-readlink
147 silly addNameRange { name: 'graceful-readlink', range: '>=1.0.0', hasData: false }
148 silly mapToRegistry name graceful-readlink
149 silly mapToRegistry using default registry
150 silly mapToRegistry registry https://registry.npmjs.org/
151 silly mapToRegistry data Result {
151 silly mapToRegistry   raw: 'graceful-readlink',
151 silly mapToRegistry   scope: null,
151 silly mapToRegistry   escapedName: 'graceful-readlink',
151 silly mapToRegistry   name: 'graceful-readlink',
151 silly mapToRegistry   rawSpec: '',
151 silly mapToRegistry   spec: 'latest',
151 silly mapToRegistry   type: 'tag' }
152 silly mapToRegistry uri https://registry.npmjs.org/graceful-readlink
153 verbose addNameRange registry:https://registry.npmjs.org/graceful-readlink not in flight; fetching
154 verbose get https://registry.npmjs.org/graceful-readlink not expired, no request
155 silly addNameRange number 2 { name: 'graceful-readlink', range: '>=1.0.0', hasData: true }
156 silly addNameRange versions [ 'graceful-readlink', [ '1.0.0', '1.0.1' ] ]
157 silly addNamed graceful-readlink@1.0.1
158 verbose addNamed "1.0.1" is a plain semver version for graceful-readlink
159 silly mapToRegistry name graceful-readlink
160 silly mapToRegistry using default registry
161 silly mapToRegistry registry https://registry.npmjs.org/
162 silly mapToRegistry data Result {
162 silly mapToRegistry   raw: 'graceful-readlink',
162 silly mapToRegistry   scope: null,
162 silly mapToRegistry   escapedName: 'graceful-readlink',
162 silly mapToRegistry   name: 'graceful-readlink',
162 silly mapToRegistry   rawSpec: '',
162 silly mapToRegistry   spec: 'latest',
162 silly mapToRegistry   type: 'tag' }
163 silly mapToRegistry uri https://registry.npmjs.org/graceful-readlink
164 verbose addRemoteTarball https://registry.npmjs.org/graceful-readlink/-/graceful-readlink-1.0.1.tgz not in flight; adding
165 verbose addRemoteTarball [ 'https://registry.npmjs.org/graceful-readlink/-/graceful-readlink-1.0.1.tgz',
165 verbose addRemoteTarball   '4cafad76bc62f02fa039b2f94e9a3dd3a391a725' ]
166 info retry fetch attempt 1 at 4:46:20 AM
167 info attempt registry request try #1 at 4:46:20 AM
168 http fetch GET https://registry.npmjs.org/graceful-readlink/-/graceful-readlink-1.0.1.tgz
169 http fetch 200 https://registry.npmjs.org/graceful-readlink/-/graceful-readlink-1.0.1.tgz
170 silly fetchAndShaCheck shasum 4cafad76bc62f02fa039b2f94e9a3dd3a391a725
171 verbose addTmpTarball /tmp/npm-2234-b05bbeec/registry.npmjs.org/graceful-readlink/-/graceful-readlink-1.0.1.tgz not in flight; adding
172 verbose addTmpTarball already have metadata; skipping unpack for graceful-readlink@1.0.1
173 verbose correctMkdir /home/zhaomeng/.npm correctMkdir not in flight; initializing
174 silly cache afterAdd graceful-readlink@1.0.1
175 verbose afterAdd /home/zhaomeng/.npm/graceful-readlink/1.0.1/package/package.json not in flight; writing
176 verbose correctMkdir /home/zhaomeng/.npm correctMkdir not in flight; initializing
177 verbose afterAdd /home/zhaomeng/.npm/graceful-readlink/1.0.1/package/package.json written
178 silly loadAllDepsIntoIdealTree Finishing
179 silly loadIdealTree Finishing
180 silly currentTree lib
181 silly idealTree lib
181 silly idealTree └─┬ mockjs@1.0.1-beta3
181 silly idealTree   ├── commander@2.9.0
181 silly idealTree   └── graceful-readlink@1.0.1
182 silly generateActionsToTake Starting
183 silly install generateActionsToTake
184 warn checkPermissions Missing write access to /usr/local/lib/node_modules
185 silly rollbackFailedOptional Starting
186 silly rollbackFailedOptional Finishing
187 silly runTopLevelLifecycles Finishing
188 silly install printInstalled
189 verbose stack Error: EACCES: permission denied, access '/usr/local/lib/node_modules'
189 verbose stack     at Error (native)
190 verbose cwd /home/zhaomeng/Workspace/git_workspace/home
191 error Linux 4.4.0-72-generic
192 error argv "/usr/local/bin/node" "/usr/local/bin/npm" "install" "mockjs" "-g"
193 error node v6.9.1
194 error npm  v3.10.8
195 error path /usr/local/lib/node_modules
196 error code EACCES
197 error errno -13
198 error syscall access
199 error Error: EACCES: permission denied, access '/usr/local/lib/node_modules'
199 error     at Error (native)
199 error  { Error: EACCES: permission denied, access '/usr/local/lib/node_modules'
199 error     at Error (native)
199 error   errno: -13,
199 error   code: 'EACCES',
199 error   syscall: 'access',
199 error   path: '/usr/local/lib/node_modules' }
200 error Please try running this command again as root/Administrator.
201 verbose exit [ -13, true ]
